<?xml version="1.0" encoding="UTF-8"?>
<!-- Generated by org.testng.reporters.JUnitReportReporter -->
<testsuite hostname="DESKTOP-VV0NNBG" failures="0" tests="5" name="Settings_Positive.Otp_Module" time="270.256" errors="0" timestamp="2024-07-15T17:43:19 IST" skipped="0">
  <testcase classname="Settings_Positive.Otp_Module" name="Performing_App_Management" time="39.727"/>
  <system-out/>
  <testcase classname="Settings_Positive.Otp_Module" name="AddFmsUSer" time="63.073"/>
  <system-out/>
  <testcase classname="Settings_Positive.Otp_Module" name="OtpList" time="44.470"/>
  <system-out/>
  <testcase classname="Settings_Positive.Otp_Module" name="Payment_Management" time="54.297"/>
  <system-out/>
  <testcase classname="Settings_Positive.Otp_Module" name="Roles" time="68.689"/>
  <system-out/>
</testsuite> <!-- Settings_Positive.Otp_Module -->
