<?xml version="1.0" encoding="UTF-8"?>
<!-- Generated by org.testng.reporters.JUnitReportReporter -->
<testsuite hostname="DESKTOP-VV0NNBG" failures="0" tests="1" name="Settings_Page.App_Management_Module" time="41.017" errors="0" timestamp="2024-07-15T11:50:12 IST" skipped="0">
  <testcase classname="Settings_Page.App_Management_Module" name="Performing_App_Management" time="41.017"/>
  <system-out/>
</testsuite> <!-- Settings_Page.App_Management_Module -->
