<?xml version="1.0" encoding="UTF-8"?>
<!-- Generated by org.testng.reporters.JUnitReportReporter -->
<testsuite hostname="DESKTOP-VV0NNBG" failures="0" tests="1" name="Settings_Page.Click_OtpList" time="44.347" errors="0" timestamp="2024-07-15T11:05:17 IST" skipped="0">
  <testcase classname="Settings_Page.Click_OtpList" name="OtpList" time="44.347"/>
  <system-out/>
</testsuite> <!-- Settings_Page.Click_OtpList -->
