<?xml version="1.0" encoding="UTF-8"?>
<!-- Generated by org.testng.reporters.JUnitReportReporter -->
<testsuite hostname="DESKTOP-VV0NNBG" failures="0" tests="1" name="Settings_Page.Otp_Page" time="42.542" errors="0" timestamp="2024-07-12T17:48:11 IST" skipped="0">
  <testcase classname="Settings_Page.Otp_Page" name="PerformingOtpPage" time="42.542"/>
  <system-out/>
</testsuite> <!-- Settings_Page.Otp_Page -->
